Arguments: 
  C:\Program Files\nodejs\node.exe C:\Program Files (x86)\Yarn\bin\yarn.js add webpack@3.10.0 --dev

PATH: 
  C:\ProgramData\Oracle\Java\javapath;C:\Windows\system32;C:\Windows;C:\Windows\System32\Wbem;C:\Windows\System32\WindowsPowerShell\v1.0\;C:\Program Files\Git\cmd;C:\Program Files\androidsdk\tools;C:\Program Files\gradle-4.1\bin;C:\Program Files\nodejs;C:\Program Files\Java\jdk1.8.0_71\bin;C:\Program Files\Java\jdk1.8.0_71\jre\bin;C:\Program Files (x86)\Yarn\bin\;C:\Users\9009\AppData\Roaming\npm;C:\Program Files\androidsdk\tools;;C:\Users\9009\AppData\Local\Programs\Microsoft VS Code\bin;C:\Users\9009\AppData\Local\Yarn\bin

Yarn version: 
  1.13.0

Node version: 
  10.5.0

Platform: 
  win32 x64

Trace: 
  Error: read ECONNRESET
      at TLSWrap.onread (net.js:656:25)

npm manifest: 
  {
    "name": "react-0304",
    "version": "1.0.0",
    "main": "index.js",
    "license": "MIT"
  }

yarn manifest: 
  No manifest

Lockfile: 
  No lockfile
